<?xml version="1.0" encoding="utf-8"?><testsuites name="pytest tests"><testsuite name="pytest" errors="0" failures="1" skipped="0" tests="20" time="11.758" timestamp="2026-02-03T14:47:30.190833+00:00" hostname="agent-env-2b611ce1-40a5-48ca-be83-2608a61fbe78"><testcase classname="backend.tests.test_alerts_smtp_ssh.TestHealthCheck" name="test_api_health" time="0.060" /><testcase classname="backend.tests.test_alerts_smtp_ssh.TestAuthentication" name="test_login_success" time="0.265" /><testcase classname="backend.tests.test_alerts_smtp_ssh.TestAuthentication" name="test_login_invalid_credentials" time="0.039" /><testcase classname="backend.tests.test_alerts_smtp_ssh.TestAlerts" name="test_list_alerts" time="0.297" /><testcase classname="backend.tests.test_alerts_smtp_ssh.TestAlerts" name="test_list_alerts_with_filters" time="0.037" /><testcase classname="backend.tests.test_alerts_smtp_ssh.TestAlerts" name="test_get_active_alerts_count" time="0.036" /><testcase classname="backend.tests.test_alerts_smtp_ssh.TestAlertRules" name="test_list_alert_rules" time="0.037" /><testcase classname="backend.tests.test_alerts_smtp_ssh.TestAlertRules" name="test_create_alert_rule" time="0.035" /><testcase classname="backend.tests.test_alerts_smtp_ssh.TestAlertRules" name="test_update_alert_rule" time="0.071" /><testcase classname="backend.tests.test_alerts_smtp_ssh.TestAlertRules" name="test_delete_alert_rule" time="0.065" /><testcase classname="backend.tests.test_alerts_smtp_ssh.TestSMTPConfiguration" name="test_get_smtp_settings" time="0.035" /><testcase classname="backend.tests.test_alerts_smtp_ssh.TestSMTPConfiguration" name="test_save_smtp_settings" time="0.076" /><testcase classname="backend.tests.test_alerts_smtp_ssh.TestSMTPConfiguration" name="test_smtp_test_email_without_real_server" time="0.076"><failure message="assert 520 in [200, 500]&#10; +  where 520 = &lt;Response [520]&gt;.status_code">backend/tests/test_alerts_smtp_ssh.py:261: in test_smtp_test_email_without_real_server
    assert response.status_code in [200, 500]  # 500 expected without real SMTP
    ^^^^^^^^^^^^^^^^^^^^^^^^^^^^^^^^^^^^^^^^^
E   assert 520 in [200, 500]
E    +  where 520 = &lt;Response [520]&gt;.status_code</failure></testcase><testcase classname="backend.tests.test_alerts_smtp_ssh.TestSSHEndpoints" name="test_ssh_connect_linux_server" time="10.085" /><testcase classname="backend.tests.test_alerts_smtp_ssh.TestSSHEndpoints" name="test_ssh_connect_windows_server_rejected" time="0.106" /><testcase classname="backend.tests.test_alerts_smtp_ssh.TestRDPEndpoints" name="test_rdp_file_generation_windows" time="0.052" /><testcase classname="backend.tests.test_alerts_smtp_ssh.TestRDPEndpoints" name="test_rdp_file_rejected_for_linux" time="0.041" /><testcase classname="backend.tests.test_alerts_smtp_ssh.TestServerEndpoints" name="test_list_servers" time="0.034" /><testcase classname="backend.tests.test_alerts_smtp_ssh.TestServerEndpoints" name="test_get_server_detail" time="0.030" /><testcase classname="backend.tests.test_alerts_smtp_ssh.TestCleanup" name="test_cleanup_test_alert_rules" time="0.201" /></testsuite></testsuites>