<?xml version="1.0" encoding="utf-8"?><testsuites name="pytest tests"><testsuite name="pytest" errors="0" failures="0" skipped="0" tests="20" time="11.681" timestamp="2026-02-03T14:50:11.584741+00:00" hostname="agent-env-2b611ce1-40a5-48ca-be83-2608a61fbe78"><testcase classname="backend.tests.test_alerts_smtp_ssh.TestHealthCheck" name="test_api_health" time="0.059" /><testcase classname="backend.tests.test_alerts_smtp_ssh.TestAuthentication" name="test_login_success" time="0.265" /><testcase classname="backend.tests.test_alerts_smtp_ssh.TestAuthentication" name="test_login_invalid_credentials" time="0.038" /><testcase classname="backend.tests.test_alerts_smtp_ssh.TestAlerts" name="test_list_alerts" time="0.306" /><testcase classname="backend.tests.test_alerts_smtp_ssh.TestAlerts" name="test_list_alerts_with_filters" time="0.037" /><testcase classname="backend.tests.test_alerts_smtp_ssh.TestAlerts" name="test_get_active_alerts_count" time="0.034" /><testcase classname="backend.tests.test_alerts_smtp_ssh.TestAlertRules" name="test_list_alert_rules" time="0.036" /><testcase classname="backend.tests.test_alerts_smtp_ssh.TestAlertRules" name="test_create_alert_rule" time="0.042" /><testcase classname="backend.tests.test_alerts_smtp_ssh.TestAlertRules" name="test_update_alert_rule" time="0.073" /><testcase classname="backend.tests.test_alerts_smtp_ssh.TestAlertRules" name="test_delete_alert_rule" time="0.069" /><testcase classname="backend.tests.test_alerts_smtp_ssh.TestSMTPConfiguration" name="test_get_smtp_settings" time="0.041" /><testcase classname="backend.tests.test_alerts_smtp_ssh.TestSMTPConfiguration" name="test_save_smtp_settings" time="0.072" /><testcase classname="backend.tests.test_alerts_smtp_ssh.TestSMTPConfiguration" name="test_smtp_test_email_without_real_server" time="0.073" /><testcase classname="backend.tests.test_alerts_smtp_ssh.TestSSHEndpoints" name="test_ssh_connect_linux_server" time="10.093" /><testcase classname="backend.tests.test_alerts_smtp_ssh.TestSSHEndpoints" name="test_ssh_connect_windows_server_rejected" time="0.109" /><testcase classname="backend.tests.test_alerts_smtp_ssh.TestRDPEndpoints" name="test_rdp_file_generation_windows" time="0.038" /><testcase classname="backend.tests.test_alerts_smtp_ssh.TestRDPEndpoints" name="test_rdp_file_rejected_for_linux" time="0.036" /><testcase classname="backend.tests.test_alerts_smtp_ssh.TestServerEndpoints" name="test_list_servers" time="0.036" /><testcase classname="backend.tests.test_alerts_smtp_ssh.TestServerEndpoints" name="test_get_server_detail" time="0.033" /><testcase classname="backend.tests.test_alerts_smtp_ssh.TestCleanup" name="test_cleanup_test_alert_rules" time="0.112" /></testsuite></testsuites>